{"/Users/maxrautenkranz/Desktop/bootcamp_public2/express-jobly/app.js": {"path":"/Users/maxrautenkranz/Desktop/bootcamp_public2/express-jobly/app.js","statementMap":{"0":{"start":{"line":5,"column":16},"end":{"line":5,"column":34}},"1":{"start":{"line":6,"column":13},"end":{"line":6,"column":28}},"2":{"start":{"line":8,"column":26},"end":{"line":8,"column":51}},"3":{"start":{"line":10,"column":28},"end":{"line":10,"column":56}},"4":{"start":{"line":11,"column":19},"end":{"line":11,"column":43}},"5":{"start":{"line":12,"column":24},"end":{"line":12,"column":53}},"6":{"start":{"line":13,"column":20},"end":{"line":13,"column":45}},"7":{"start":{"line":15,"column":15},"end":{"line":15,"column":32}},"8":{"start":{"line":17,"column":12},"end":{"line":17,"column":21}},"9":{"start":{"line":19,"column":0},"end":{"line":19,"column":16}},"10":{"start":{"line":20,"column":0},"end":{"line":20,"column":24}},"11":{"start":{"line":21,"column":0},"end":{"line":21,"column":24}},"12":{"start":{"line":22,"column":0},"end":{"line":22,"column":25}},"13":{"start":{"line":24,"column":0},"end":{"line":24,"column":29}},"14":{"start":{"line":25,"column":0},"end":{"line":25,"column":39}},"15":{"start":{"line":26,"column":0},"end":{"line":26,"column":31}},"16":{"start":{"line":30,"column":0},"end":{"line":32,"column":3}},"17":{"start":{"line":31,"column":2},"end":{"line":31,"column":35}},"18":{"start":{"line":35,"column":0},"end":{"line":43,"column":3}},"19":{"start":{"line":36,"column":2},"end":{"line":36,"column":64}},"20":{"start":{"line":36,"column":39},"end":{"line":36,"column":64}},"21":{"start":{"line":37,"column":17},"end":{"line":37,"column":34}},"22":{"start":{"line":38,"column":18},"end":{"line":38,"column":29}},"23":{"start":{"line":40,"column":2},"end":{"line":42,"column":5}},"24":{"start":{"line":45,"column":0},"end":{"line":45,"column":21}}},"fnMap":{"0":{"name":"(anonymous_0)","decl":{"start":{"line":30,"column":8},"end":{"line":30,"column":9}},"loc":{"start":{"line":30,"column":34},"end":{"line":32,"column":1}},"line":30},"1":{"name":"(anonymous_1)","decl":{"start":{"line":35,"column":8},"end":{"line":35,"column":9}},"loc":{"start":{"line":35,"column":39},"end":{"line":43,"column":1}},"line":35}},"branchMap":{"0":{"loc":{"start":{"line":36,"column":2},"end":{"line":36,"column":64}},"type":"if","locations":[{"start":{"line":36,"column":2},"end":{"line":36,"column":64}},{"start":{},"end":{}}],"line":36},"1":{"loc":{"start":{"line":37,"column":17},"end":{"line":37,"column":34}},"type":"binary-expr","locations":[{"start":{"line":37,"column":17},"end":{"line":37,"column":27}},{"start":{"line":37,"column":31},"end":{"line":37,"column":34}}],"line":37}},"s":{"0":4,"1":4,"2":4,"3":4,"4":4,"5":4,"6":4,"7":4,"8":4,"9":4,"10":4,"11":4,"12":4,"13":4,"14":4,"15":4,"16":4,"17":2,"18":4,"19":46,"20":1,"21":46,"22":46,"23":46,"24":4},"f":{"0":2,"1":46},"b":{"0":[1,45],"1":[46,2]},"_coverageSchema":"1a1c01bbd47fc00a2c39e90264f33305004495a9","hash":"8777a23d2fd30337f25764d8e58f99605c1858ce"}
,"/Users/maxrautenkranz/Desktop/bootcamp_public2/express-jobly/config.js": {"path":"/Users/maxrautenkranz/Desktop/bootcamp_public2/express-jobly/config.js","statementMap":{"0":{"start":{"line":5,"column":0},"end":{"line":5,"column":27}},"1":{"start":{"line":6,"column":0},"end":{"line":6,"column":18}},"2":{"start":{"line":8,"column":19},"end":{"line":8,"column":57}},"3":{"start":{"line":10,"column":13},"end":{"line":10,"column":38}},"4":{"start":{"line":14,"column":2},"end":{"line":16,"column":58}},"5":{"start":{"line":22,"column":27},"end":{"line":22,"column":67}},"6":{"start":{"line":24,"column":0},"end":{"line":24,"column":35}},"7":{"start":{"line":25,"column":0},"end":{"line":25,"column":46}},"8":{"start":{"line":26,"column":0},"end":{"line":26,"column":45}},"9":{"start":{"line":27,"column":0},"end":{"line":27,"column":61}},"10":{"start":{"line":28,"column":0},"end":{"line":28,"column":50}},"11":{"start":{"line":29,"column":0},"end":{"line":29,"column":19}},"12":{"start":{"line":31,"column":0},"end":{"line":36,"column":2}}},"fnMap":{"0":{"name":"getDatabaseUri","decl":{"start":{"line":13,"column":9},"end":{"line":13,"column":23}},"loc":{"start":{"line":13,"column":26},"end":{"line":17,"column":1}},"line":13}},"branchMap":{"0":{"loc":{"start":{"line":8,"column":19},"end":{"line":8,"column":57}},"type":"binary-expr","locations":[{"start":{"line":8,"column":19},"end":{"line":8,"column":41}},{"start":{"line":8,"column":45},"end":{"line":8,"column":57}}],"line":8},"1":{"loc":{"start":{"line":10,"column":13},"end":{"line":10,"column":38}},"type":"binary-expr","locations":[{"start":{"line":10,"column":13},"end":{"line":10,"column":30}},{"start":{"line":10,"column":34},"end":{"line":10,"column":38}}],"line":10},"2":{"loc":{"start":{"line":14,"column":9},"end":{"line":16,"column":57}},"type":"cond-expr","locations":[{"start":{"line":15,"column":8},"end":{"line":15,"column":34}},{"start":{"line":16,"column":8},"end":{"line":16,"column":57}}],"line":14},"3":{"loc":{"start":{"line":16,"column":8},"end":{"line":16,"column":57}},"type":"binary-expr","locations":[{"start":{"line":16,"column":8},"end":{"line":16,"column":32}},{"start":{"line":16,"column":36},"end":{"line":16,"column":57}}],"line":16},"4":{"loc":{"start":{"line":22,"column":27},"end":{"line":22,"column":67}},"type":"cond-expr","locations":[{"start":{"line":22,"column":61},"end":{"line":22,"column":62}},{"start":{"line":22,"column":65},"end":{"line":22,"column":67}}],"line":22}},"s":{"0":10,"1":10,"2":10,"3":10,"4":20,"5":10,"6":10,"7":10,"8":10,"9":10,"10":10,"11":10,"12":10},"f":{"0":20},"b":{"0":[10,9],"1":[10,9],"2":[17,3],"3":[3,1],"4":[9,1]},"_coverageSchema":"1a1c01bbd47fc00a2c39e90264f33305004495a9","hash":"c5813c96312480d7527a147f4166552d79ee4435"}
,"/Users/maxrautenkranz/Desktop/bootcamp_public2/express-jobly/db.js": {"path":"/Users/maxrautenkranz/Desktop/bootcamp_public2/express-jobly/db.js","statementMap":{"0":{"start":{"line":3,"column":19},"end":{"line":3,"column":32}},"1":{"start":{"line":4,"column":27},"end":{"line":4,"column":46}},"2":{"start":{"line":8,"column":0},"end":{"line":19,"column":1}},"3":{"start":{"line":9,"column":2},"end":{"line":14,"column":5}},"4":{"start":{"line":16,"column":2},"end":{"line":18,"column":5}},"5":{"start":{"line":21,"column":0},"end":{"line":21,"column":13}},"6":{"start":{"line":23,"column":0},"end":{"line":23,"column":20}}},"fnMap":{},"branchMap":{"0":{"loc":{"start":{"line":8,"column":0},"end":{"line":19,"column":1}},"type":"if","locations":[{"start":{"line":8,"column":0},"end":{"line":19,"column":1}},{"start":{"line":15,"column":7},"end":{"line":19,"column":1}}],"line":8}},"s":{"0":7,"1":7,"2":7,"3":0,"4":7,"5":7,"6":7},"f":{},"b":{"0":[0,7]},"_coverageSchema":"1a1c01bbd47fc00a2c39e90264f33305004495a9","hash":"45aed7aeef7b84feb69e83d37ce83b4029855119"}
,"/Users/maxrautenkranz/Desktop/bootcamp_public2/express-jobly/expressError.js": {"path":"/Users/maxrautenkranz/Desktop/bootcamp_public2/express-jobly/expressError.js","statementMap":{"0":{"start":{"line":9,"column":4},"end":{"line":9,"column":12}},"1":{"start":{"line":10,"column":4},"end":{"line":10,"column":27}},"2":{"start":{"line":11,"column":4},"end":{"line":11,"column":25}},"3":{"start":{"line":19,"column":4},"end":{"line":19,"column":24}},"4":{"start":{"line":27,"column":4},"end":{"line":27,"column":24}},"5":{"start":{"line":35,"column":4},"end":{"line":35,"column":24}},"6":{"start":{"line":43,"column":4},"end":{"line":43,"column":24}},"7":{"start":{"line":47,"column":0},"end":{"line":53,"column":2}}},"fnMap":{"0":{"name":"(anonymous_0)","decl":{"start":{"line":8,"column":2},"end":{"line":8,"column":3}},"loc":{"start":{"line":8,"column":31},"end":{"line":12,"column":3}},"line":8},"1":{"name":"(anonymous_1)","decl":{"start":{"line":18,"column":2},"end":{"line":18,"column":3}},"loc":{"start":{"line":18,"column":37},"end":{"line":20,"column":3}},"line":18},"2":{"name":"(anonymous_2)","decl":{"start":{"line":26,"column":2},"end":{"line":26,"column":3}},"loc":{"start":{"line":26,"column":40},"end":{"line":28,"column":3}},"line":26},"3":{"name":"(anonymous_3)","decl":{"start":{"line":34,"column":2},"end":{"line":34,"column":3}},"loc":{"start":{"line":34,"column":39},"end":{"line":36,"column":3}},"line":34},"4":{"name":"(anonymous_4)","decl":{"start":{"line":42,"column":2},"end":{"line":42,"column":3}},"loc":{"start":{"line":42,"column":39},"end":{"line":44,"column":3}},"line":42}},"branchMap":{"0":{"loc":{"start":{"line":18,"column":14},"end":{"line":18,"column":35}},"type":"default-arg","locations":[{"start":{"line":18,"column":24},"end":{"line":18,"column":35}}],"line":18},"1":{"loc":{"start":{"line":26,"column":14},"end":{"line":26,"column":38}},"type":"default-arg","locations":[{"start":{"line":26,"column":24},"end":{"line":26,"column":38}}],"line":26},"2":{"loc":{"start":{"line":34,"column":14},"end":{"line":34,"column":37}},"type":"default-arg","locations":[{"start":{"line":34,"column":24},"end":{"line":34,"column":37}}],"line":34},"3":{"loc":{"start":{"line":42,"column":14},"end":{"line":42,"column":37}},"type":"default-arg","locations":[{"start":{"line":42,"column":24},"end":{"line":42,"column":37}}],"line":42}},"s":{"0":67,"1":67,"2":67,"3":23,"4":23,"5":21,"6":0,"7":9},"f":{"0":67,"1":23,"2":23,"3":21,"4":0},"b":{"0":[2],"1":[19],"2":[0],"3":[0]},"_coverageSchema":"1a1c01bbd47fc00a2c39e90264f33305004495a9","hash":"b7b80eaed84609025cf296f2dddd15900c1d1fbf"}
,"/Users/maxrautenkranz/Desktop/bootcamp_public2/express-jobly/helpers/sql.js": {"path":"/Users/maxrautenkranz/Desktop/bootcamp_public2/express-jobly/helpers/sql.js","statementMap":{"0":{"start":{"line":1,"column":28},"end":{"line":1,"column":54}},"1":{"start":{"line":13,"column":15},"end":{"line":13,"column":40}},"2":{"start":{"line":14,"column":2},"end":{"line":14,"column":62}},"3":{"start":{"line":14,"column":25},"end":{"line":14,"column":62}},"4":{"start":{"line":17,"column":15},"end":{"line":19,"column":3}},"5":{"start":{"line":18,"column":4},"end":{"line":18,"column":50}},"6":{"start":{"line":21,"column":2},"end":{"line":24,"column":4}},"7":{"start":{"line":27,"column":0},"end":{"line":27,"column":41}}},"fnMap":{"0":{"name":"sqlForPartialUpdate","decl":{"start":{"line":12,"column":9},"end":{"line":12,"column":28}},"loc":{"start":{"line":12,"column":52},"end":{"line":25,"column":1}},"line":12},"1":{"name":"(anonymous_1)","decl":{"start":{"line":17,"column":24},"end":{"line":17,"column":25}},"loc":{"start":{"line":18,"column":4},"end":{"line":18,"column":50}},"line":18}},"branchMap":{"0":{"loc":{"start":{"line":14,"column":2},"end":{"line":14,"column":62}},"type":"if","locations":[{"start":{"line":14,"column":2},"end":{"line":14,"column":62}},{"start":{},"end":{}}],"line":14},"1":{"loc":{"start":{"line":18,"column":8},"end":{"line":18,"column":35}},"type":"binary-expr","locations":[{"start":{"line":18,"column":8},"end":{"line":18,"column":24}},{"start":{"line":18,"column":28},"end":{"line":18,"column":35}}],"line":18}},"s":{"0":8,"1":21,"2":21,"3":5,"4":16,"5":34,"6":16,"7":8},"f":{"0":21,"1":34},"b":{"0":[5,16],"1":[34,13]},"_coverageSchema":"1a1c01bbd47fc00a2c39e90264f33305004495a9","hash":"b88bb8541922e025886f01a98e063e40197d3834"}
,"/Users/maxrautenkranz/Desktop/bootcamp_public2/express-jobly/helpers/tokens.js": {"path":"/Users/maxrautenkranz/Desktop/bootcamp_public2/express-jobly/helpers/tokens.js","statementMap":{"0":{"start":{"line":1,"column":12},"end":{"line":1,"column":35}},"1":{"start":{"line":2,"column":23},"end":{"line":2,"column":43}},"2":{"start":{"line":7,"column":2},"end":{"line":8,"column":58}},"3":{"start":{"line":10,"column":16},"end":{"line":13,"column":3}},"4":{"start":{"line":15,"column":2},"end":{"line":15,"column":39}},"5":{"start":{"line":18,"column":0},"end":{"line":18,"column":33}}},"fnMap":{"0":{"name":"createToken","decl":{"start":{"line":6,"column":9},"end":{"line":6,"column":20}},"loc":{"start":{"line":6,"column":27},"end":{"line":16,"column":1}},"line":6}},"branchMap":{"0":{"loc":{"start":{"line":12,"column":13},"end":{"line":12,"column":34}},"type":"binary-expr","locations":[{"start":{"line":12,"column":13},"end":{"line":12,"column":25}},{"start":{"line":12,"column":29},"end":{"line":12,"column":34}}],"line":12}},"s":{"0":5,"1":5,"2":13,"3":13,"4":13,"5":5},"f":{"0":13},"b":{"0":[13,8]},"_coverageSchema":"1a1c01bbd47fc00a2c39e90264f33305004495a9","hash":"844eeec5e56f3a3443fc75b3b8910cd9cc75c2ab"}
,"/Users/maxrautenkranz/Desktop/bootcamp_public2/express-jobly/middleware/auth.js": {"path":"/Users/maxrautenkranz/Desktop/bootcamp_public2/express-jobly/middleware/auth.js","statementMap":{"0":{"start":{"line":5,"column":12},"end":{"line":5,"column":35}},"1":{"start":{"line":6,"column":23},"end":{"line":6,"column":43}},"2":{"start":{"line":7,"column":30},"end":{"line":7,"column":56}},"3":{"start":{"line":19,"column":2},"end":{"line":28,"column":3}},"4":{"start":{"line":20,"column":23},"end":{"line":20,"column":63}},"5":{"start":{"line":21,"column":4},"end":{"line":24,"column":5}},"6":{"start":{"line":22,"column":20},"end":{"line":22,"column":64}},"7":{"start":{"line":23,"column":6},"end":{"line":23,"column":54}},"8":{"start":{"line":25,"column":4},"end":{"line":25,"column":18}},"9":{"start":{"line":27,"column":4},"end":{"line":27,"column":18}},"10":{"start":{"line":37,"column":2},"end":{"line":42,"column":3}},"11":{"start":{"line":38,"column":4},"end":{"line":38,"column":56}},"12":{"start":{"line":38,"column":26},"end":{"line":38,"column":56}},"13":{"start":{"line":39,"column":4},"end":{"line":39,"column":18}},"14":{"start":{"line":41,"column":4},"end":{"line":41,"column":21}},"15":{"start":{"line":52,"column":2},"end":{"line":54,"column":3}},"16":{"start":{"line":53,"column":4},"end":{"line":53,"column":41}},"17":{"start":{"line":55,"column":2},"end":{"line":55,"column":16}},"18":{"start":{"line":64,"column":2},"end":{"line":72,"column":3}},"19":{"start":{"line":65,"column":17},"end":{"line":65,"column":32}},"20":{"start":{"line":66,"column":4},"end":{"line":68,"column":5}},"21":{"start":{"line":67,"column":6},"end":{"line":67,"column":36}},"22":{"start":{"line":69,"column":4},"end":{"line":69,"column":18}},"23":{"start":{"line":71,"column":4},"end":{"line":71,"column":21}},"24":{"start":{"line":75,"column":0},"end":{"line":80,"column":2}}},"fnMap":{"0":{"name":"authenticateJWT","decl":{"start":{"line":18,"column":9},"end":{"line":18,"column":24}},"loc":{"start":{"line":18,"column":41},"end":{"line":29,"column":1}},"line":18},"1":{"name":"ensureLoggedIn","decl":{"start":{"line":36,"column":9},"end":{"line":36,"column":23}},"loc":{"start":{"line":36,"column":40},"end":{"line":43,"column":1}},"line":36},"2":{"name":"ensureAdmin","decl":{"start":{"line":51,"column":9},"end":{"line":51,"column":20}},"loc":{"start":{"line":51,"column":37},"end":{"line":56,"column":1}},"line":51},"3":{"name":"ensureCorrectUserOrAdmin","decl":{"start":{"line":63,"column":9},"end":{"line":63,"column":33}},"loc":{"start":{"line":63,"column":50},"end":{"line":73,"column":1}},"line":63}},"branchMap":{"0":{"loc":{"start":{"line":20,"column":23},"end":{"line":20,"column":63}},"type":"binary-expr","locations":[{"start":{"line":20,"column":23},"end":{"line":20,"column":34}},{"start":{"line":20,"column":38},"end":{"line":20,"column":63}}],"line":20},"1":{"loc":{"start":{"line":21,"column":4},"end":{"line":24,"column":5}},"type":"if","locations":[{"start":{"line":21,"column":4},"end":{"line":24,"column":5}},{"start":{},"end":{}}],"line":21},"2":{"loc":{"start":{"line":38,"column":4},"end":{"line":38,"column":56}},"type":"if","locations":[{"start":{"line":38,"column":4},"end":{"line":38,"column":56}},{"start":{},"end":{}}],"line":38},"3":{"loc":{"start":{"line":52,"column":2},"end":{"line":54,"column":3}},"type":"if","locations":[{"start":{"line":52,"column":2},"end":{"line":54,"column":3}},{"start":{},"end":{}}],"line":52},"4":{"loc":{"start":{"line":52,"column":6},"end":{"line":52,"column":50}},"type":"binary-expr","locations":[{"start":{"line":52,"column":6},"end":{"line":52,"column":22}},{"start":{"line":52,"column":26},"end":{"line":52,"column":50}}],"line":52},"5":{"loc":{"start":{"line":66,"column":4},"end":{"line":68,"column":5}},"type":"if","locations":[{"start":{"line":66,"column":4},"end":{"line":68,"column":5}},{"start":{},"end":{}}],"line":66},"6":{"loc":{"start":{"line":66,"column":10},"end":{"line":66,"column":73}},"type":"binary-expr","locations":[{"start":{"line":66,"column":10},"end":{"line":66,"column":14}},{"start":{"line":66,"column":19},"end":{"line":66,"column":31}},{"start":{"line":66,"column":35},"end":{"line":66,"column":72}}],"line":66}},"s":{"0":5,"1":5,"2":5,"3":71,"4":71,"5":71,"6":43,"7":43,"8":70,"9":1,"10":2,"11":2,"12":1,"13":1,"14":1,"15":25,"16":10,"17":15,"18":24,"19":24,"20":24,"21":8,"22":16,"23":8,"24":5},"f":{"0":71,"1":2,"2":25,"3":24},"b":{"0":[71,70],"1":[43,28],"2":[1,1],"3":[10,15],"4":[25,20],"5":[8,16],"6":[24,20,9]},"_coverageSchema":"1a1c01bbd47fc00a2c39e90264f33305004495a9","hash":"e5f74c60bd5b38112b0515b94ddfa5d23095ea9b"}
,"/Users/maxrautenkranz/Desktop/bootcamp_public2/express-jobly/models/_testCommon.js": {"path":"/Users/maxrautenkranz/Desktop/bootcamp_public2/express-jobly/models/_testCommon.js","statementMap":{"0":{"start":{"line":1,"column":15},"end":{"line":1,"column":32}},"1":{"start":{"line":3,"column":11},"end":{"line":3,"column":30}},"2":{"start":{"line":4,"column":31},"end":{"line":4,"column":51}},"3":{"start":{"line":6,"column":17},"end":{"line":6,"column":19}},"4":{"start":{"line":10,"column":2},"end":{"line":10,"column":42}},"5":{"start":{"line":12,"column":2},"end":{"line":12,"column":38}},"6":{"start":{"line":14,"column":2},"end":{"line":14,"column":37}},"7":{"start":{"line":16,"column":2},"end":{"line":20,"column":55}},"8":{"start":{"line":22,"column":2},"end":{"line":34,"column":7}},"9":{"start":{"line":36,"column":22},"end":{"line":41,"column":18}},"10":{"start":{"line":42,"column":2},"end":{"line":42,"column":62}},"11":{"start":{"line":42,"column":55},"end":{"line":42,"column":59}},"12":{"start":{"line":46,"column":2},"end":{"line":46,"column":26}},"13":{"start":{"line":50,"column":2},"end":{"line":50,"column":29}},"14":{"start":{"line":54,"column":2},"end":{"line":54,"column":17}},"15":{"start":{"line":58,"column":0},"end":{"line":64,"column":2}}},"fnMap":{"0":{"name":"commonBeforeAll","decl":{"start":{"line":8,"column":15},"end":{"line":8,"column":30}},"loc":{"start":{"line":8,"column":33},"end":{"line":43,"column":1}},"line":8},"1":{"name":"(anonymous_1)","decl":{"start":{"line":42,"column":50},"end":{"line":42,"column":51}},"loc":{"start":{"line":42,"column":55},"end":{"line":42,"column":59}},"line":42},"2":{"name":"commonBeforeEach","decl":{"start":{"line":45,"column":15},"end":{"line":45,"column":31}},"loc":{"start":{"line":45,"column":34},"end":{"line":47,"column":1}},"line":45},"3":{"name":"commonAfterEach","decl":{"start":{"line":49,"column":15},"end":{"line":49,"column":30}},"loc":{"start":{"line":49,"column":33},"end":{"line":51,"column":1}},"line":49},"4":{"name":"commonAfterAll","decl":{"start":{"line":53,"column":15},"end":{"line":53,"column":29}},"loc":{"start":{"line":53,"column":32},"end":{"line":55,"column":1}},"line":53}},"branchMap":{},"s":{"0":3,"1":3,"2":3,"3":3,"4":3,"5":3,"6":3,"7":3,"8":3,"9":3,"10":3,"11":9,"12":51,"13":51,"14":3,"15":3},"f":{"0":3,"1":9,"2":51,"3":51,"4":3},"b":{},"_coverageSchema":"1a1c01bbd47fc00a2c39e90264f33305004495a9","hash":"9bb5da66f813f575ba87c7291c398f0063144508"}
,"/Users/maxrautenkranz/Desktop/bootcamp_public2/express-jobly/models/company.js": {"path":"/Users/maxrautenkranz/Desktop/bootcamp_public2/express-jobly/models/company.js","statementMap":{"0":{"start":{"line":3,"column":11},"end":{"line":3,"column":27}},"1":{"start":{"line":4,"column":43},"end":{"line":4,"column":69}},"2":{"start":{"line":5,"column":32},"end":{"line":5,"column":57}},"3":{"start":{"line":20,"column":27},"end":{"line":24,"column":15}},"4":{"start":{"line":26,"column":4},"end":{"line":27,"column":64}},"5":{"start":{"line":27,"column":6},"end":{"line":27,"column":64}},"6":{"start":{"line":29,"column":19},"end":{"line":41,"column":5}},"7":{"start":{"line":42,"column":20},"end":{"line":42,"column":34}},"8":{"start":{"line":43,"column":4},"end":{"line":43,"column":27}},"9":{"start":{"line":45,"column":4},"end":{"line":45,"column":19}},"10":{"start":{"line":49,"column":16},"end":{"line":57,"column":57}},"11":{"start":{"line":59,"column":27},"end":{"line":59,"column":29}},"12":{"start":{"line":60,"column":22},"end":{"line":60,"column":24}},"13":{"start":{"line":62,"column":49},"end":{"line":62,"column":56}},"14":{"start":{"line":64,"column":4},"end":{"line":67,"column":5}},"15":{"start":{"line":65,"column":6},"end":{"line":65,"column":36}},"16":{"start":{"line":66,"column":6},"end":{"line":66,"column":67}},"17":{"start":{"line":69,"column":4},"end":{"line":72,"column":5}},"18":{"start":{"line":70,"column":6},"end":{"line":70,"column":37}},"19":{"start":{"line":71,"column":6},"end":{"line":71,"column":73}},"20":{"start":{"line":74,"column":4},"end":{"line":77,"column":5}},"21":{"start":{"line":75,"column":6},"end":{"line":75,"column":37}},"22":{"start":{"line":76,"column":6},"end":{"line":76,"column":73}},"23":{"start":{"line":79,"column":4},"end":{"line":81,"column":5}},"24":{"start":{"line":80,"column":6},"end":{"line":80,"column":58}},"25":{"start":{"line":84,"column":4},"end":{"line":86,"column":23}},"26":{"start":{"line":88,"column":29},"end":{"line":88,"column":63}},"27":{"start":{"line":89,"column":4},"end":{"line":89,"column":33}},"28":{"start":{"line":101,"column":23},"end":{"line":109,"column":15}},"29":{"start":{"line":111,"column":20},"end":{"line":111,"column":38}},"30":{"start":{"line":113,"column":4},"end":{"line":113,"column":67}},"31":{"start":{"line":113,"column":18},"end":{"line":113,"column":67}},"32":{"start":{"line":115,"column":20},"end":{"line":121,"column":5}},"33":{"start":{"line":123,"column":4},"end":{"line":123,"column":32}},"34":{"start":{"line":125,"column":4},"end":{"line":125,"column":19}},"35":{"start":{"line":141,"column":32},"end":{"line":146,"column":8}},"36":{"start":{"line":147,"column":25},"end":{"line":147,"column":50}},"37":{"start":{"line":149,"column":21},"end":{"line":156,"column":54}},"38":{"start":{"line":157,"column":19},"end":{"line":157,"column":64}},"39":{"start":{"line":158,"column":20},"end":{"line":158,"column":34}},"40":{"start":{"line":160,"column":4},"end":{"line":160,"column":67}},"41":{"start":{"line":160,"column":18},"end":{"line":160,"column":67}},"42":{"start":{"line":162,"column":4},"end":{"line":162,"column":19}},"43":{"start":{"line":171,"column":19},"end":{"line":176,"column":15}},"44":{"start":{"line":177,"column":20},"end":{"line":177,"column":34}},"45":{"start":{"line":179,"column":4},"end":{"line":179,"column":67}},"46":{"start":{"line":179,"column":18},"end":{"line":179,"column":67}},"47":{"start":{"line":183,"column":0},"end":{"line":183,"column":25}}},"fnMap":{"0":{"name":"(anonymous_0)","decl":{"start":{"line":19,"column":2},"end":{"line":19,"column":3}},"loc":{"start":{"line":19,"column":76},"end":{"line":46,"column":3}},"line":19},"1":{"name":"(anonymous_1)","decl":{"start":{"line":48,"column":2},"end":{"line":48,"column":3}},"loc":{"start":{"line":48,"column":37},"end":{"line":90,"column":3}},"line":48},"2":{"name":"(anonymous_2)","decl":{"start":{"line":100,"column":2},"end":{"line":100,"column":3}},"loc":{"start":{"line":100,"column":27},"end":{"line":126,"column":3}},"line":100},"3":{"name":"(anonymous_3)","decl":{"start":{"line":140,"column":2},"end":{"line":140,"column":3}},"loc":{"start":{"line":140,"column":36},"end":{"line":163,"column":3}},"line":140},"4":{"name":"(anonymous_4)","decl":{"start":{"line":170,"column":2},"end":{"line":170,"column":3}},"loc":{"start":{"line":170,"column":30},"end":{"line":180,"column":3}},"line":170}},"branchMap":{"0":{"loc":{"start":{"line":26,"column":4},"end":{"line":27,"column":64}},"type":"if","locations":[{"start":{"line":26,"column":4},"end":{"line":27,"column":64}},{"start":{},"end":{}}],"line":26},"1":{"loc":{"start":{"line":48,"column":23},"end":{"line":48,"column":35}},"type":"default-arg","locations":[{"start":{"line":48,"column":33},"end":{"line":48,"column":35}}],"line":48},"2":{"loc":{"start":{"line":64,"column":4},"end":{"line":67,"column":5}},"type":"if","locations":[{"start":{"line":64,"column":4},"end":{"line":67,"column":5}},{"start":{},"end":{}}],"line":64},"3":{"loc":{"start":{"line":69,"column":4},"end":{"line":72,"column":5}},"type":"if","locations":[{"start":{"line":69,"column":4},"end":{"line":72,"column":5}},{"start":{},"end":{}}],"line":69},"4":{"loc":{"start":{"line":74,"column":4},"end":{"line":77,"column":5}},"type":"if","locations":[{"start":{"line":74,"column":4},"end":{"line":77,"column":5}},{"start":{},"end":{}}],"line":74},"5":{"loc":{"start":{"line":79,"column":4},"end":{"line":81,"column":5}},"type":"if","locations":[{"start":{"line":79,"column":4},"end":{"line":81,"column":5}},{"start":{},"end":{}}],"line":79},"6":{"loc":{"start":{"line":113,"column":4},"end":{"line":113,"column":67}},"type":"if","locations":[{"start":{"line":113,"column":4},"end":{"line":113,"column":67}},{"start":{},"end":{}}],"line":113},"7":{"loc":{"start":{"line":160,"column":4},"end":{"line":160,"column":67}},"type":"if","locations":[{"start":{"line":160,"column":4},"end":{"line":160,"column":67}},{"start":{},"end":{}}],"line":160},"8":{"loc":{"start":{"line":179,"column":4},"end":{"line":179,"column":67}},"type":"if","locations":[{"start":{"line":179,"column":4},"end":{"line":179,"column":67}},{"start":{},"end":{}}],"line":179}},"s":{"0":5,"1":5,"2":5,"3":13,"4":13,"5":1,"6":12,"7":12,"8":12,"9":12,"10":10,"11":10,"12":10,"13":10,"14":10,"15":3,"16":3,"17":10,"18":5,"19":5,"20":10,"21":5,"22":5,"23":10,"24":7,"25":10,"26":10,"27":9,"28":5,"29":5,"30":5,"31":2,"32":3,"33":3,"34":3,"35":6,"36":5,"37":5,"38":5,"39":5,"40":5,"41":2,"42":3,"43":4,"44":4,"45":4,"46":2,"47":5},"f":{"0":13,"1":10,"2":5,"3":6,"4":4},"b":{"0":[1,12],"1":[1],"2":[3,7],"3":[5,5],"4":[5,5],"5":[7,3],"6":[2,3],"7":[2,3],"8":[2,2]},"_coverageSchema":"1a1c01bbd47fc00a2c39e90264f33305004495a9","hash":"b736a509af8d9ba83d3b0134fab240875eecd615"}
,"/Users/maxrautenkranz/Desktop/bootcamp_public2/express-jobly/models/jobs.js": {"path":"/Users/maxrautenkranz/Desktop/bootcamp_public2/express-jobly/models/jobs.js","statementMap":{"0":{"start":{"line":3,"column":11},"end":{"line":3,"column":27}},"1":{"start":{"line":4,"column":43},"end":{"line":4,"column":69}},"2":{"start":{"line":5,"column":32},"end":{"line":5,"column":57}},"3":{"start":{"line":20,"column":8},"end":{"line":20,"column":37}},"4":{"start":{"line":22,"column":31},"end":{"line":26,"column":36}},"5":{"start":{"line":28,"column":8},"end":{"line":30,"column":9}},"6":{"start":{"line":29,"column":12},"end":{"line":29,"column":96}},"7":{"start":{"line":32,"column":23},"end":{"line":36,"column":52}},"8":{"start":{"line":38,"column":24},"end":{"line":38,"column":38}},"9":{"start":{"line":39,"column":8},"end":{"line":39,"column":23}},"10":{"start":{"line":48,"column":20},"end":{"line":53,"column":31}},"11":{"start":{"line":55,"column":31},"end":{"line":55,"column":33}},"12":{"start":{"line":56,"column":26},"end":{"line":56,"column":28}},"13":{"start":{"line":58,"column":48},"end":{"line":58,"column":55}},"14":{"start":{"line":60,"column":8},"end":{"line":66,"column":9}},"15":{"start":{"line":61,"column":12},"end":{"line":63,"column":13}},"16":{"start":{"line":62,"column":16},"end":{"line":62,"column":86}},"17":{"start":{"line":64,"column":12},"end":{"line":64,"column":40}},"18":{"start":{"line":65,"column":12},"end":{"line":65,"column":70}},"19":{"start":{"line":68,"column":8},"end":{"line":71,"column":9}},"20":{"start":{"line":69,"column":12},"end":{"line":69,"column":43}},"21":{"start":{"line":70,"column":12},"end":{"line":70,"column":72}},"22":{"start":{"line":73,"column":8},"end":{"line":75,"column":9}},"23":{"start":{"line":74,"column":12},"end":{"line":74,"column":48}},"24":{"start":{"line":77,"column":8},"end":{"line":79,"column":9}},"25":{"start":{"line":78,"column":12},"end":{"line":78,"column":64}},"26":{"start":{"line":81,"column":8},"end":{"line":81,"column":35}},"27":{"start":{"line":83,"column":28},"end":{"line":83,"column":62}},"28":{"start":{"line":84,"column":8},"end":{"line":84,"column":32}},"29":{"start":{"line":95,"column":23},"end":{"line":99,"column":20}},"30":{"start":{"line":101,"column":20},"end":{"line":101,"column":34}},"31":{"start":{"line":103,"column":8},"end":{"line":103,"column":76}},"32":{"start":{"line":103,"column":18},"end":{"line":103,"column":76}},"33":{"start":{"line":105,"column":8},"end":{"line":105,"column":19}},"34":{"start":{"line":121,"column":8},"end":{"line":123,"column":9}},"35":{"start":{"line":122,"column":12},"end":{"line":122,"column":70}},"36":{"start":{"line":125,"column":8},"end":{"line":127,"column":9}},"37":{"start":{"line":126,"column":12},"end":{"line":126,"column":46}},"38":{"start":{"line":129,"column":36},"end":{"line":135,"column":14}},"39":{"start":{"line":136,"column":25},"end":{"line":136,"column":50}},"40":{"start":{"line":138,"column":25},"end":{"line":145,"column":51}},"41":{"start":{"line":146,"column":23},"end":{"line":146,"column":64}},"42":{"start":{"line":147,"column":20},"end":{"line":147,"column":34}},"43":{"start":{"line":149,"column":8},"end":{"line":149,"column":59}},"44":{"start":{"line":149,"column":18},"end":{"line":149,"column":59}},"45":{"start":{"line":151,"column":8},"end":{"line":151,"column":19}},"46":{"start":{"line":160,"column":23},"end":{"line":164,"column":17}},"47":{"start":{"line":165,"column":20},"end":{"line":165,"column":34}},"48":{"start":{"line":167,"column":8},"end":{"line":167,"column":59}},"49":{"start":{"line":167,"column":18},"end":{"line":167,"column":59}},"50":{"start":{"line":171,"column":8},"end":{"line":176,"column":9}},"51":{"start":{"line":172,"column":32},"end":{"line":172,"column":50}},"52":{"start":{"line":173,"column":12},"end":{"line":175,"column":13}},"53":{"start":{"line":174,"column":16},"end":{"line":174,"column":85}},"54":{"start":{"line":180,"column":0},"end":{"line":180,"column":22}}},"fnMap":{"0":{"name":"(anonymous_0)","decl":{"start":{"line":19,"column":4},"end":{"line":19,"column":5}},"loc":{"start":{"line":19,"column":67},"end":{"line":40,"column":5}},"line":19},"1":{"name":"(anonymous_1)","decl":{"start":{"line":47,"column":4},"end":{"line":47,"column":5}},"loc":{"start":{"line":47,"column":39},"end":{"line":85,"column":5}},"line":47},"2":{"name":"(anonymous_2)","decl":{"start":{"line":94,"column":4},"end":{"line":94,"column":5}},"loc":{"start":{"line":94,"column":28},"end":{"line":106,"column":5}},"line":94},"3":{"name":"(anonymous_3)","decl":{"start":{"line":120,"column":4},"end":{"line":120,"column":5}},"loc":{"start":{"line":120,"column":34},"end":{"line":152,"column":5}},"line":120},"4":{"name":"(anonymous_4)","decl":{"start":{"line":159,"column":4},"end":{"line":159,"column":5}},"loc":{"start":{"line":159,"column":28},"end":{"line":168,"column":5}},"line":159},"5":{"name":"(anonymous_5)","decl":{"start":{"line":170,"column":4},"end":{"line":170,"column":5}},"loc":{"start":{"line":170,"column":35},"end":{"line":177,"column":5}},"line":170}},"branchMap":{"0":{"loc":{"start":{"line":28,"column":8},"end":{"line":30,"column":9}},"type":"if","locations":[{"start":{"line":28,"column":8},"end":{"line":30,"column":9}},{"start":{},"end":{}}],"line":28},"1":{"loc":{"start":{"line":47,"column":25},"end":{"line":47,"column":37}},"type":"default-arg","locations":[{"start":{"line":47,"column":35},"end":{"line":47,"column":37}}],"line":47},"2":{"loc":{"start":{"line":60,"column":8},"end":{"line":66,"column":9}},"type":"if","locations":[{"start":{"line":60,"column":8},"end":{"line":66,"column":9}},{"start":{},"end":{}}],"line":60},"3":{"loc":{"start":{"line":61,"column":12},"end":{"line":63,"column":13}},"type":"if","locations":[{"start":{"line":61,"column":12},"end":{"line":63,"column":13}},{"start":{},"end":{}}],"line":61},"4":{"loc":{"start":{"line":68,"column":8},"end":{"line":71,"column":9}},"type":"if","locations":[{"start":{"line":68,"column":8},"end":{"line":71,"column":9}},{"start":{},"end":{}}],"line":68},"5":{"loc":{"start":{"line":73,"column":8},"end":{"line":75,"column":9}},"type":"if","locations":[{"start":{"line":73,"column":8},"end":{"line":75,"column":9}},{"start":{},"end":{}}],"line":73},"6":{"loc":{"start":{"line":77,"column":8},"end":{"line":79,"column":9}},"type":"if","locations":[{"start":{"line":77,"column":8},"end":{"line":79,"column":9}},{"start":{},"end":{}}],"line":77},"7":{"loc":{"start":{"line":103,"column":8},"end":{"line":103,"column":76}},"type":"if","locations":[{"start":{"line":103,"column":8},"end":{"line":103,"column":76}},{"start":{},"end":{}}],"line":103},"8":{"loc":{"start":{"line":121,"column":8},"end":{"line":123,"column":9}},"type":"if","locations":[{"start":{"line":121,"column":8},"end":{"line":123,"column":9}},{"start":{},"end":{}}],"line":121},"9":{"loc":{"start":{"line":125,"column":8},"end":{"line":127,"column":9}},"type":"if","locations":[{"start":{"line":125,"column":8},"end":{"line":127,"column":9}},{"start":{},"end":{}}],"line":125},"10":{"loc":{"start":{"line":149,"column":8},"end":{"line":149,"column":59}},"type":"if","locations":[{"start":{"line":149,"column":8},"end":{"line":149,"column":59}},{"start":{},"end":{}}],"line":149},"11":{"loc":{"start":{"line":167,"column":8},"end":{"line":167,"column":59}},"type":"if","locations":[{"start":{"line":167,"column":8},"end":{"line":167,"column":59}},{"start":{},"end":{}}],"line":167},"12":{"loc":{"start":{"line":171,"column":8},"end":{"line":176,"column":9}},"type":"if","locations":[{"start":{"line":171,"column":8},"end":{"line":176,"column":9}},{"start":{},"end":{}}],"line":171},"13":{"loc":{"start":{"line":173,"column":12},"end":{"line":175,"column":13}},"type":"if","locations":[{"start":{"line":173,"column":12},"end":{"line":175,"column":13}},{"start":{},"end":{}}],"line":173},"14":{"loc":{"start":{"line":173,"column":16},"end":{"line":173,"column":72}},"type":"binary-expr","locations":[{"start":{"line":173,"column":16},"end":{"line":173,"column":34}},{"start":{"line":173,"column":38},"end":{"line":173,"column":53}},{"start":{"line":173,"column":57},"end":{"line":173,"column":72}}],"line":173}},"s":{"0":4,"1":4,"2":4,"3":15,"4":15,"5":15,"6":1,"7":14,"8":14,"9":14,"10":5,"11":5,"12":5,"13":5,"14":5,"15":2,"16":0,"17":2,"18":2,"19":5,"20":1,"21":1,"22":5,"23":2,"24":5,"25":4,"26":5,"27":5,"28":5,"29":2,"30":2,"31":2,"32":1,"33":1,"34":3,"35":0,"36":3,"37":2,"38":3,"39":2,"40":2,"41":2,"42":2,"43":2,"44":1,"45":1,"46":2,"47":2,"48":2,"49":1,"50":17,"51":17,"52":17,"53":0,"54":4},"f":{"0":15,"1":5,"2":2,"3":3,"4":2,"5":17},"b":{"0":[1,14],"1":[1],"2":[2,3],"3":[0,2],"4":[1,4],"5":[2,3],"6":[4,1],"7":[1,1],"8":[0,3],"9":[2,1],"10":[1,1],"11":[1,1],"12":[17,0],"13":[0,17],"14":[17,17,17]},"_coverageSchema":"1a1c01bbd47fc00a2c39e90264f33305004495a9","hash":"5e99812dee43a50f6814ec37d5cdeab58b2998a2"}
,"/Users/maxrautenkranz/Desktop/bootcamp_public2/express-jobly/models/user.js": {"path":"/Users/maxrautenkranz/Desktop/bootcamp_public2/express-jobly/models/user.js","statementMap":{"0":{"start":{"line":3,"column":11},"end":{"line":3,"column":27}},"1":{"start":{"line":4,"column":15},"end":{"line":4,"column":32}},"2":{"start":{"line":5,"column":32},"end":{"line":5,"column":57}},"3":{"start":{"line":10,"column":4},"end":{"line":10,"column":30}},"4":{"start":{"line":12,"column":31},"end":{"line":12,"column":54}},"5":{"start":{"line":26,"column":19},"end":{"line":36,"column":5}},"6":{"start":{"line":38,"column":17},"end":{"line":38,"column":31}},"7":{"start":{"line":40,"column":4},"end":{"line":48,"column":5}},"8":{"start":{"line":42,"column":22},"end":{"line":42,"column":67}},"9":{"start":{"line":43,"column":6},"end":{"line":47,"column":7}},"10":{"start":{"line":44,"column":8},"end":{"line":44,"column":29}},"11":{"start":{"line":45,"column":8},"end":{"line":45,"column":56}},"12":{"start":{"line":46,"column":8},"end":{"line":46,"column":20}},"13":{"start":{"line":50,"column":4},"end":{"line":50,"column":61}},"14":{"start":{"line":62,"column":27},"end":{"line":67,"column":5}},"15":{"start":{"line":69,"column":4},"end":{"line":71,"column":5}},"16":{"start":{"line":70,"column":6},"end":{"line":70,"column":67}},"17":{"start":{"line":73,"column":27},"end":{"line":73,"column":74}},"18":{"start":{"line":75,"column":19},"end":{"line":93,"column":5}},"19":{"start":{"line":95,"column":17},"end":{"line":95,"column":31}},"20":{"start":{"line":96,"column":4},"end":{"line":96,"column":19}},"21":{"start":{"line":98,"column":4},"end":{"line":98,"column":16}},"22":{"start":{"line":107,"column":19},"end":{"line":115,"column":5}},"23":{"start":{"line":117,"column":4},"end":{"line":119,"column":5}},"24":{"start":{"line":118,"column":6},"end":{"line":118,"column":59}},"25":{"start":{"line":121,"column":4},"end":{"line":121,"column":23}},"26":{"start":{"line":133,"column":20},"end":{"line":142,"column":5}},"27":{"start":{"line":144,"column":17},"end":{"line":144,"column":32}},"28":{"start":{"line":146,"column":4},"end":{"line":146,"column":63}},"29":{"start":{"line":146,"column":15},"end":{"line":146,"column":63}},"30":{"start":{"line":148,"column":4},"end":{"line":148,"column":52}},"31":{"start":{"line":150,"column":4},"end":{"line":150,"column":16}},"32":{"start":{"line":171,"column":4},"end":{"line":173,"column":5}},"33":{"start":{"line":172,"column":6},"end":{"line":172,"column":75}},"34":{"start":{"line":175,"column":32},"end":{"line":181,"column":8}},"35":{"start":{"line":182,"column":27},"end":{"line":182,"column":52}},"36":{"start":{"line":184,"column":21},"end":{"line":191,"column":54}},"37":{"start":{"line":192,"column":19},"end":{"line":192,"column":66}},"38":{"start":{"line":193,"column":17},"end":{"line":193,"column":31}},"39":{"start":{"line":195,"column":4},"end":{"line":195,"column":63}},"40":{"start":{"line":195,"column":15},"end":{"line":195,"column":63}},"41":{"start":{"line":197,"column":4},"end":{"line":197,"column":25}},"42":{"start":{"line":198,"column":4},"end":{"line":198,"column":52}},"43":{"start":{"line":199,"column":4},"end":{"line":199,"column":16}},"44":{"start":{"line":205,"column":17},"end":{"line":211,"column":5}},"45":{"start":{"line":212,"column":17},"end":{"line":212,"column":31}},"46":{"start":{"line":214,"column":4},"end":{"line":214,"column":63}},"47":{"start":{"line":214,"column":15},"end":{"line":214,"column":63}},"48":{"start":{"line":225,"column":22},"end":{"line":226,"column":67}},"49":{"start":{"line":227,"column":4},"end":{"line":229,"column":5}},"50":{"start":{"line":228,"column":6},"end":{"line":228,"column":61}},"51":{"start":{"line":231,"column":21},"end":{"line":232,"column":51}},"52":{"start":{"line":233,"column":4},"end":{"line":235,"column":5}},"53":{"start":{"line":234,"column":6},"end":{"line":234,"column":57}},"54":{"start":{"line":237,"column":29},"end":{"line":240,"column":24}},"55":{"start":{"line":242,"column":4},"end":{"line":244,"column":5}},"56":{"start":{"line":243,"column":6},"end":{"line":243,"column":68}},"57":{"start":{"line":246,"column":4},"end":{"line":249,"column":25}},"58":{"start":{"line":251,"column":4},"end":{"line":251,"column":31}},"59":{"start":{"line":261,"column":22},"end":{"line":262,"column":67}},"60":{"start":{"line":263,"column":4},"end":{"line":265,"column":5}},"61":{"start":{"line":264,"column":6},"end":{"line":264,"column":61}},"62":{"start":{"line":267,"column":19},"end":{"line":272,"column":17}},"63":{"start":{"line":274,"column":4},"end":{"line":274,"column":42}},"64":{"start":{"line":274,"column":34},"end":{"line":274,"column":40}},"65":{"start":{"line":278,"column":22},"end":{"line":279,"column":67}},"66":{"start":{"line":280,"column":4},"end":{"line":282,"column":5}},"67":{"start":{"line":281,"column":6},"end":{"line":281,"column":54}},"68":{"start":{"line":284,"column":19},"end":{"line":289,"column":17}},"69":{"start":{"line":291,"column":4},"end":{"line":291,"column":42}},"70":{"start":{"line":291,"column":34},"end":{"line":291,"column":40}},"71":{"start":{"line":296,"column":0},"end":{"line":296,"column":22}}},"fnMap":{"0":{"name":"(anonymous_0)","decl":{"start":{"line":24,"column":2},"end":{"line":24,"column":3}},"loc":{"start":{"line":24,"column":48},"end":{"line":51,"column":3}},"line":24},"1":{"name":"(anonymous_1)","decl":{"start":{"line":60,"column":2},"end":{"line":60,"column":3}},"loc":{"start":{"line":61,"column":65},"end":{"line":99,"column":3}},"line":61},"2":{"name":"(anonymous_2)","decl":{"start":{"line":106,"column":2},"end":{"line":106,"column":3}},"loc":{"start":{"line":106,"column":25},"end":{"line":122,"column":3}},"line":106},"3":{"name":"(anonymous_3)","decl":{"start":{"line":132,"column":2},"end":{"line":132,"column":3}},"loc":{"start":{"line":132,"column":29},"end":{"line":151,"column":3}},"line":132},"4":{"name":"(anonymous_4)","decl":{"start":{"line":170,"column":2},"end":{"line":170,"column":3}},"loc":{"start":{"line":170,"column":38},"end":{"line":200,"column":3}},"line":170},"5":{"name":"(anonymous_5)","decl":{"start":{"line":204,"column":2},"end":{"line":204,"column":3}},"loc":{"start":{"line":204,"column":32},"end":{"line":215,"column":3}},"line":204},"6":{"name":"(anonymous_6)","decl":{"start":{"line":224,"column":2},"end":{"line":224,"column":3}},"loc":{"start":{"line":224,"column":43},"end":{"line":252,"column":3}},"line":224},"7":{"name":"(anonymous_7)","decl":{"start":{"line":260,"column":2},"end":{"line":260,"column":3}},"loc":{"start":{"line":260,"column":40},"end":{"line":275,"column":3}},"line":260},"8":{"name":"(anonymous_8)","decl":{"start":{"line":274,"column":27},"end":{"line":274,"column":28}},"loc":{"start":{"line":274,"column":34},"end":{"line":274,"column":40}},"line":274},"9":{"name":"(anonymous_9)","decl":{"start":{"line":277,"column":2},"end":{"line":277,"column":3}},"loc":{"start":{"line":277,"column":37},"end":{"line":292,"column":3}},"line":277},"10":{"name":"(anonymous_10)","decl":{"start":{"line":291,"column":27},"end":{"line":291,"column":28}},"loc":{"start":{"line":291,"column":34},"end":{"line":291,"column":40}},"line":291}},"branchMap":{"0":{"loc":{"start":{"line":40,"column":4},"end":{"line":48,"column":5}},"type":"if","locations":[{"start":{"line":40,"column":4},"end":{"line":48,"column":5}},{"start":{},"end":{}}],"line":40},"1":{"loc":{"start":{"line":43,"column":6},"end":{"line":47,"column":7}},"type":"if","locations":[{"start":{"line":43,"column":6},"end":{"line":47,"column":7}},{"start":{},"end":{}}],"line":43},"2":{"loc":{"start":{"line":69,"column":4},"end":{"line":71,"column":5}},"type":"if","locations":[{"start":{"line":69,"column":4},"end":{"line":71,"column":5}},{"start":{},"end":{}}],"line":69},"3":{"loc":{"start":{"line":146,"column":4},"end":{"line":146,"column":63}},"type":"if","locations":[{"start":{"line":146,"column":4},"end":{"line":146,"column":63}},{"start":{},"end":{}}],"line":146},"4":{"loc":{"start":{"line":171,"column":4},"end":{"line":173,"column":5}},"type":"if","locations":[{"start":{"line":171,"column":4},"end":{"line":173,"column":5}},{"start":{},"end":{}}],"line":171},"5":{"loc":{"start":{"line":195,"column":4},"end":{"line":195,"column":63}},"type":"if","locations":[{"start":{"line":195,"column":4},"end":{"line":195,"column":63}},{"start":{},"end":{}}],"line":195},"6":{"loc":{"start":{"line":214,"column":4},"end":{"line":214,"column":63}},"type":"if","locations":[{"start":{"line":214,"column":4},"end":{"line":214,"column":63}},{"start":{},"end":{}}],"line":214},"7":{"loc":{"start":{"line":227,"column":4},"end":{"line":229,"column":5}},"type":"if","locations":[{"start":{"line":227,"column":4},"end":{"line":229,"column":5}},{"start":{},"end":{}}],"line":227},"8":{"loc":{"start":{"line":233,"column":4},"end":{"line":235,"column":5}},"type":"if","locations":[{"start":{"line":233,"column":4},"end":{"line":235,"column":5}},{"start":{},"end":{}}],"line":233},"9":{"loc":{"start":{"line":242,"column":4},"end":{"line":244,"column":5}},"type":"if","locations":[{"start":{"line":242,"column":4},"end":{"line":244,"column":5}},{"start":{},"end":{}}],"line":242},"10":{"loc":{"start":{"line":263,"column":4},"end":{"line":265,"column":5}},"type":"if","locations":[{"start":{"line":263,"column":4},"end":{"line":265,"column":5}},{"start":{},"end":{}}],"line":263},"11":{"loc":{"start":{"line":280,"column":4},"end":{"line":282,"column":5}},"type":"if","locations":[{"start":{"line":280,"column":4},"end":{"line":282,"column":5}},{"start":{},"end":{}}],"line":280}},"s":{"0":5,"1":5,"2":5,"3":5,"4":5,"5":7,"6":7,"7":7,"8":4,"9":4,"10":3,"11":3,"12":3,"13":4,"14":16,"15":16,"16":1,"17":15,"18":15,"19":15,"20":15,"21":15,"22":3,"23":2,"24":5,"25":2,"26":5,"27":5,"28":5,"29":2,"30":3,"31":3,"32":8,"33":2,"34":8,"35":7,"36":7,"37":7,"38":7,"39":7,"40":2,"41":5,"42":5,"43":5,"44":5,"45":5,"46":5,"47":2,"48":10,"49":10,"50":2,"51":8,"52":8,"53":3,"54":5,"55":5,"56":0,"57":5,"58":5,"59":18,"60":18,"61":0,"62":18,"63":18,"64":0,"65":3,"66":3,"67":1,"68":2,"69":2,"70":2,"71":5},"f":{"0":7,"1":16,"2":3,"3":5,"4":8,"5":5,"6":10,"7":18,"8":0,"9":3,"10":2},"b":{"0":[4,3],"1":[3,1],"2":[1,15],"3":[2,3],"4":[2,6],"5":[2,5],"6":[2,3],"7":[2,8],"8":[3,5],"9":[0,5],"10":[0,18],"11":[1,2]},"_coverageSchema":"1a1c01bbd47fc00a2c39e90264f33305004495a9","hash":"102f2a680a960a4212ceb171d4b96af2b0bd469d"}
,"/Users/maxrautenkranz/Desktop/bootcamp_public2/express-jobly/routes/_testCommon.js": {"path":"/Users/maxrautenkranz/Desktop/bootcamp_public2/express-jobly/routes/_testCommon.js","statementMap":{"0":{"start":{"line":3,"column":11},"end":{"line":3,"column":30}},"1":{"start":{"line":4,"column":13},"end":{"line":4,"column":38}},"2":{"start":{"line":5,"column":16},"end":{"line":5,"column":44}},"3":{"start":{"line":6,"column":12},"end":{"line":6,"column":37}},"4":{"start":{"line":7,"column":24},"end":{"line":7,"column":52}},"5":{"start":{"line":9,"column":17},"end":{"line":9,"column":19}},"6":{"start":{"line":13,"column":2},"end":{"line":13,"column":38}},"7":{"start":{"line":15,"column":2},"end":{"line":15,"column":42}},"8":{"start":{"line":17,"column":2},"end":{"line":17,"column":37}},"9":{"start":{"line":19,"column":2},"end":{"line":26,"column":7}},"10":{"start":{"line":27,"column":2},"end":{"line":34,"column":7}},"11":{"start":{"line":35,"column":2},"end":{"line":42,"column":7}},"12":{"start":{"line":44,"column":2},"end":{"line":51,"column":5}},"13":{"start":{"line":52,"column":2},"end":{"line":59,"column":5}},"14":{"start":{"line":60,"column":2},"end":{"line":67,"column":5}},"15":{"start":{"line":69,"column":23},"end":{"line":74,"column":3}},"16":{"start":{"line":76,"column":2},"end":{"line":79,"column":3}},"17":{"start":{"line":77,"column":19},"end":{"line":77,"column":44}},"18":{"start":{"line":78,"column":4},"end":{"line":78,"column":31}},"19":{"start":{"line":83,"column":2},"end":{"line":83,"column":26}},"20":{"start":{"line":87,"column":2},"end":{"line":87,"column":29}},"21":{"start":{"line":91,"column":2},"end":{"line":91,"column":17}},"22":{"start":{"line":94,"column":16},"end":{"line":94,"column":63}},"23":{"start":{"line":95,"column":19},"end":{"line":95,"column":68}},"24":{"start":{"line":97,"column":0},"end":{"line":105,"column":2}}},"fnMap":{"0":{"name":"commonBeforeAll","decl":{"start":{"line":11,"column":15},"end":{"line":11,"column":30}},"loc":{"start":{"line":11,"column":33},"end":{"line":80,"column":1}},"line":11},"1":{"name":"commonBeforeEach","decl":{"start":{"line":82,"column":15},"end":{"line":82,"column":31}},"loc":{"start":{"line":82,"column":34},"end":{"line":84,"column":1}},"line":82},"2":{"name":"commonAfterEach","decl":{"start":{"line":86,"column":15},"end":{"line":86,"column":30}},"loc":{"start":{"line":86,"column":33},"end":{"line":88,"column":1}},"line":86},"3":{"name":"commonAfterAll","decl":{"start":{"line":90,"column":15},"end":{"line":90,"column":29}},"loc":{"start":{"line":90,"column":32},"end":{"line":92,"column":1}},"line":90}},"branchMap":{},"s":{"0":3,"1":3,"2":3,"3":3,"4":3,"5":3,"6":3,"7":3,"8":3,"9":3,"10":3,"11":3,"12":3,"13":3,"14":3,"15":3,"16":3,"17":12,"18":12,"19":66,"20":66,"21":3,"22":3,"23":3,"24":3},"f":{"0":3,"1":66,"2":66,"3":3},"b":{},"_coverageSchema":"1a1c01bbd47fc00a2c39e90264f33305004495a9","hash":"f46c9bb3c2a4e36e1bb4237847f7819f78c30daf"}
,"/Users/maxrautenkranz/Desktop/bootcamp_public2/express-jobly/routes/auth.js": {"path":"/Users/maxrautenkranz/Desktop/bootcamp_public2/express-jobly/routes/auth.js","statementMap":{"0":{"start":{"line":5,"column":19},"end":{"line":5,"column":40}},"1":{"start":{"line":7,"column":13},"end":{"line":7,"column":38}},"2":{"start":{"line":8,"column":16},"end":{"line":8,"column":34}},"3":{"start":{"line":9,"column":15},"end":{"line":9,"column":35}},"4":{"start":{"line":10,"column":24},"end":{"line":10,"column":52}},"5":{"start":{"line":11,"column":23},"end":{"line":11,"column":58}},"6":{"start":{"line":12,"column":27},"end":{"line":12,"column":66}},"7":{"start":{"line":13,"column":28},"end":{"line":13,"column":54}},"8":{"start":{"line":22,"column":0},"end":{"line":37,"column":3}},"9":{"start":{"line":23,"column":2},"end":{"line":36,"column":3}},"10":{"start":{"line":24,"column":22},"end":{"line":24,"column":67}},"11":{"start":{"line":25,"column":4},"end":{"line":28,"column":5}},"12":{"start":{"line":26,"column":19},"end":{"line":26,"column":53}},"13":{"start":{"line":26,"column":45},"end":{"line":26,"column":52}},"14":{"start":{"line":27,"column":6},"end":{"line":27,"column":38}},"15":{"start":{"line":30,"column":35},"end":{"line":30,"column":43}},"16":{"start":{"line":31,"column":17},"end":{"line":31,"column":60}},"17":{"start":{"line":32,"column":18},"end":{"line":32,"column":35}},"18":{"start":{"line":33,"column":4},"end":{"line":33,"column":31}},"19":{"start":{"line":35,"column":4},"end":{"line":35,"column":21}},"20":{"start":{"line":49,"column":0},"end":{"line":63,"column":3}},"21":{"start":{"line":50,"column":2},"end":{"line":62,"column":3}},"22":{"start":{"line":51,"column":22},"end":{"line":51,"column":71}},"23":{"start":{"line":52,"column":4},"end":{"line":55,"column":5}},"24":{"start":{"line":53,"column":19},"end":{"line":53,"column":53}},"25":{"start":{"line":53,"column":45},"end":{"line":53,"column":52}},"26":{"start":{"line":54,"column":6},"end":{"line":54,"column":38}},"27":{"start":{"line":57,"column":20},"end":{"line":57,"column":72}},"28":{"start":{"line":58,"column":18},"end":{"line":58,"column":38}},"29":{"start":{"line":59,"column":4},"end":{"line":59,"column":43}},"30":{"start":{"line":61,"column":4},"end":{"line":61,"column":21}},"31":{"start":{"line":66,"column":0},"end":{"line":66,"column":24}}},"fnMap":{"0":{"name":"(anonymous_0)","decl":{"start":{"line":22,"column":22},"end":{"line":22,"column":23}},"loc":{"start":{"line":22,"column":54},"end":{"line":37,"column":1}},"line":22},"1":{"name":"(anonymous_1)","decl":{"start":{"line":26,"column":40},"end":{"line":26,"column":41}},"loc":{"start":{"line":26,"column":45},"end":{"line":26,"column":52}},"line":26},"2":{"name":"(anonymous_2)","decl":{"start":{"line":49,"column":25},"end":{"line":49,"column":26}},"loc":{"start":{"line":49,"column":57},"end":{"line":63,"column":1}},"line":49},"3":{"name":"(anonymous_3)","decl":{"start":{"line":53,"column":40},"end":{"line":53,"column":41}},"loc":{"start":{"line":53,"column":45},"end":{"line":53,"column":52}},"line":53}},"branchMap":{"0":{"loc":{"start":{"line":25,"column":4},"end":{"line":28,"column":5}},"type":"if","locations":[{"start":{"line":25,"column":4},"end":{"line":28,"column":5}},{"start":{},"end":{}}],"line":25},"1":{"loc":{"start":{"line":52,"column":4},"end":{"line":55,"column":5}},"type":"if","locations":[{"start":{"line":52,"column":4},"end":{"line":55,"column":5}},{"start":{},"end":{}}],"line":52}},"s":{"0":4,"1":4,"2":4,"3":4,"4":4,"5":4,"6":4,"7":4,"8":4,"9":5,"10":5,"11":5,"12":2,"13":2,"14":2,"15":3,"16":3,"17":1,"18":1,"19":4,"20":4,"21":3,"22":3,"23":3,"24":2,"25":5,"26":2,"27":1,"28":1,"29":1,"30":2,"31":4},"f":{"0":5,"1":2,"2":3,"3":5},"b":{"0":[2,3],"1":[2,1]},"_coverageSchema":"1a1c01bbd47fc00a2c39e90264f33305004495a9","hash":"bd900f97109de6c97a6884c8a7cb061f08417425"}
,"/Users/maxrautenkranz/Desktop/bootcamp_public2/express-jobly/routes/companies.js": {"path":"/Users/maxrautenkranz/Desktop/bootcamp_public2/express-jobly/routes/companies.js","statementMap":{"0":{"start":{"line":5,"column":19},"end":{"line":5,"column":40}},"1":{"start":{"line":6,"column":16},"end":{"line":6,"column":34}},"2":{"start":{"line":8,"column":28},"end":{"line":8,"column":54}},"3":{"start":{"line":9,"column":40},"end":{"line":9,"column":69}},"4":{"start":{"line":10,"column":16},"end":{"line":10,"column":44}},"5":{"start":{"line":12,"column":25},"end":{"line":12,"column":62}},"6":{"start":{"line":13,"column":28},"end":{"line":13,"column":68}},"7":{"start":{"line":15,"column":15},"end":{"line":15,"column":35}},"8":{"start":{"line":27,"column":0},"end":{"line":40,"column":3}},"9":{"start":{"line":28,"column":2},"end":{"line":39,"column":3}},"10":{"start":{"line":29,"column":22},"end":{"line":29,"column":69}},"11":{"start":{"line":30,"column":4},"end":{"line":33,"column":5}},"12":{"start":{"line":31,"column":19},"end":{"line":31,"column":53}},"13":{"start":{"line":31,"column":45},"end":{"line":31,"column":52}},"14":{"start":{"line":32,"column":6},"end":{"line":32,"column":38}},"15":{"start":{"line":35,"column":20},"end":{"line":35,"column":50}},"16":{"start":{"line":36,"column":4},"end":{"line":36,"column":45}},"17":{"start":{"line":38,"column":4},"end":{"line":38,"column":21}},"18":{"start":{"line":53,"column":0},"end":{"line":78,"column":3}},"19":{"start":{"line":54,"column":2},"end":{"line":77,"column":3}},"20":{"start":{"line":55,"column":49},"end":{"line":55,"column":58}},"21":{"start":{"line":58,"column":28},"end":{"line":58,"column":77}},"22":{"start":{"line":59,"column":28},"end":{"line":59,"column":77}},"23":{"start":{"line":62,"column":4},"end":{"line":64,"column":5}},"24":{"start":{"line":63,"column":6},"end":{"line":63,"column":84}},"25":{"start":{"line":67,"column":27},"end":{"line":67,"column":76}},"26":{"start":{"line":68,"column":27},"end":{"line":68,"column":89}},"27":{"start":{"line":68,"column":64},"end":{"line":68,"column":88}},"28":{"start":{"line":69,"column":4},"end":{"line":71,"column":5}},"29":{"start":{"line":70,"column":6},"end":{"line":70,"column":83}},"30":{"start":{"line":73,"column":22},"end":{"line":73,"column":115}},"31":{"start":{"line":74,"column":4},"end":{"line":74,"column":35}},"32":{"start":{"line":76,"column":4},"end":{"line":76,"column":21}},"33":{"start":{"line":88,"column":0},"end":{"line":95,"column":3}},"34":{"start":{"line":89,"column":2},"end":{"line":94,"column":3}},"35":{"start":{"line":90,"column":20},"end":{"line":90,"column":56}},"36":{"start":{"line":91,"column":4},"end":{"line":91,"column":33}},"37":{"start":{"line":93,"column":4},"end":{"line":93,"column":21}},"38":{"start":{"line":108,"column":0},"end":{"line":121,"column":3}},"39":{"start":{"line":109,"column":2},"end":{"line":120,"column":3}},"40":{"start":{"line":110,"column":22},"end":{"line":110,"column":72}},"41":{"start":{"line":111,"column":4},"end":{"line":114,"column":5}},"42":{"start":{"line":112,"column":19},"end":{"line":112,"column":53}},"43":{"start":{"line":112,"column":45},"end":{"line":112,"column":52}},"44":{"start":{"line":113,"column":6},"end":{"line":113,"column":38}},"45":{"start":{"line":116,"column":20},"end":{"line":116,"column":69}},"46":{"start":{"line":117,"column":4},"end":{"line":117,"column":33}},"47":{"start":{"line":119,"column":4},"end":{"line":119,"column":21}},"48":{"start":{"line":128,"column":0},"end":{"line":135,"column":3}},"49":{"start":{"line":129,"column":2},"end":{"line":134,"column":3}},"50":{"start":{"line":130,"column":4},"end":{"line":130,"column":44}},"51":{"start":{"line":131,"column":4},"end":{"line":131,"column":52}},"52":{"start":{"line":133,"column":4},"end":{"line":133,"column":21}},"53":{"start":{"line":138,"column":0},"end":{"line":138,"column":24}}},"fnMap":{"0":{"name":"(anonymous_0)","decl":{"start":{"line":27,"column":30},"end":{"line":27,"column":31}},"loc":{"start":{"line":27,"column":62},"end":{"line":40,"column":1}},"line":27},"1":{"name":"(anonymous_1)","decl":{"start":{"line":31,"column":40},"end":{"line":31,"column":41}},"loc":{"start":{"line":31,"column":45},"end":{"line":31,"column":52}},"line":31},"2":{"name":"(anonymous_2)","decl":{"start":{"line":53,"column":16},"end":{"line":53,"column":17}},"loc":{"start":{"line":53,"column":48},"end":{"line":78,"column":1}},"line":53},"3":{"name":"(anonymous_3)","decl":{"start":{"line":68,"column":57},"end":{"line":68,"column":58}},"loc":{"start":{"line":68,"column":64},"end":{"line":68,"column":88}},"line":68},"4":{"name":"(anonymous_4)","decl":{"start":{"line":88,"column":23},"end":{"line":88,"column":24}},"loc":{"start":{"line":88,"column":55},"end":{"line":95,"column":1}},"line":88},"5":{"name":"(anonymous_5)","decl":{"start":{"line":108,"column":38},"end":{"line":108,"column":39}},"loc":{"start":{"line":108,"column":70},"end":{"line":121,"column":1}},"line":108},"6":{"name":"(anonymous_6)","decl":{"start":{"line":112,"column":40},"end":{"line":112,"column":41}},"loc":{"start":{"line":112,"column":45},"end":{"line":112,"column":52}},"line":112},"7":{"name":"(anonymous_7)","decl":{"start":{"line":128,"column":39},"end":{"line":128,"column":40}},"loc":{"start":{"line":128,"column":71},"end":{"line":135,"column":1}},"line":128}},"branchMap":{"0":{"loc":{"start":{"line":30,"column":4},"end":{"line":33,"column":5}},"type":"if","locations":[{"start":{"line":30,"column":4},"end":{"line":33,"column":5}},{"start":{},"end":{}}],"line":30},"1":{"loc":{"start":{"line":58,"column":28},"end":{"line":58,"column":77}},"type":"cond-expr","locations":[{"start":{"line":58,"column":43},"end":{"line":58,"column":65}},{"start":{"line":58,"column":68},"end":{"line":58,"column":77}}],"line":58},"2":{"loc":{"start":{"line":59,"column":28},"end":{"line":59,"column":77}},"type":"cond-expr","locations":[{"start":{"line":59,"column":43},"end":{"line":59,"column":65}},{"start":{"line":59,"column":68},"end":{"line":59,"column":77}}],"line":59},"3":{"loc":{"start":{"line":62,"column":4},"end":{"line":64,"column":5}},"type":"if","locations":[{"start":{"line":62,"column":4},"end":{"line":64,"column":5}},{"start":{},"end":{}}],"line":62},"4":{"loc":{"start":{"line":69,"column":4},"end":{"line":71,"column":5}},"type":"if","locations":[{"start":{"line":69,"column":4},"end":{"line":71,"column":5}},{"start":{},"end":{}}],"line":69},"5":{"loc":{"start":{"line":111,"column":4},"end":{"line":114,"column":5}},"type":"if","locations":[{"start":{"line":111,"column":4},"end":{"line":114,"column":5}},{"start":{},"end":{}}],"line":111}},"s":{"0":4,"1":4,"2":4,"3":4,"4":4,"5":4,"6":4,"7":4,"8":4,"9":3,"10":3,"11":3,"12":2,"13":3,"14":2,"15":1,"16":1,"17":2,"18":4,"19":6,"20":6,"21":6,"22":6,"23":6,"24":1,"25":5,"26":5,"27":7,"28":5,"29":1,"30":4,"31":3,"32":3,"33":4,"34":3,"35":3,"36":2,"37":1,"38":4,"39":4,"40":4,"41":4,"42":2,"43":2,"44":2,"45":2,"46":1,"47":3,"48":4,"49":2,"50":2,"51":1,"52":1,"53":4},"f":{"0":3,"1":3,"2":6,"3":7,"4":3,"5":4,"6":2,"7":2},"b":{"0":[2,1],"1":[4,2],"2":[3,3],"3":[1,5],"4":[1,4],"5":[2,2]},"_coverageSchema":"1a1c01bbd47fc00a2c39e90264f33305004495a9","hash":"f507edb66723de59788de9db18e79e16e077315b"}
,"/Users/maxrautenkranz/Desktop/bootcamp_public2/express-jobly/routes/users.js": {"path":"/Users/maxrautenkranz/Desktop/bootcamp_public2/express-jobly/routes/users.js","statementMap":{"0":{"start":{"line":5,"column":19},"end":{"line":5,"column":40}},"1":{"start":{"line":7,"column":16},"end":{"line":7,"column":34}},"2":{"start":{"line":8,"column":66},"end":{"line":8,"column":95}},"3":{"start":{"line":9,"column":28},"end":{"line":9,"column":54}},"4":{"start":{"line":10,"column":13},"end":{"line":10,"column":38}},"5":{"start":{"line":11,"column":24},"end":{"line":11,"column":52}},"6":{"start":{"line":12,"column":22},"end":{"line":12,"column":56}},"7":{"start":{"line":13,"column":25},"end":{"line":13,"column":62}},"8":{"start":{"line":15,"column":15},"end":{"line":15,"column":31}},"9":{"start":{"line":30,"column":0},"end":{"line":44,"column":3}},"10":{"start":{"line":31,"column":2},"end":{"line":43,"column":3}},"11":{"start":{"line":32,"column":22},"end":{"line":32,"column":66}},"12":{"start":{"line":33,"column":4},"end":{"line":36,"column":5}},"13":{"start":{"line":34,"column":19},"end":{"line":34,"column":53}},"14":{"start":{"line":34,"column":45},"end":{"line":34,"column":52}},"15":{"start":{"line":35,"column":6},"end":{"line":35,"column":38}},"16":{"start":{"line":38,"column":17},"end":{"line":38,"column":46}},"17":{"start":{"line":39,"column":18},"end":{"line":39,"column":35}},"18":{"start":{"line":40,"column":4},"end":{"line":40,"column":49}},"19":{"start":{"line":42,"column":4},"end":{"line":42,"column":21}},"20":{"start":{"line":54,"column":0},"end":{"line":61,"column":3}},"21":{"start":{"line":55,"column":2},"end":{"line":60,"column":3}},"22":{"start":{"line":56,"column":18},"end":{"line":56,"column":38}},"23":{"start":{"line":57,"column":4},"end":{"line":57,"column":31}},"24":{"start":{"line":59,"column":4},"end":{"line":59,"column":21}},"25":{"start":{"line":71,"column":0},"end":{"line":80,"column":3}},"26":{"start":{"line":72,"column":2},"end":{"line":79,"column":3}},"27":{"start":{"line":73,"column":17},"end":{"line":73,"column":52}},"28":{"start":{"line":74,"column":24},"end":{"line":74,"column":70}},"29":{"start":{"line":75,"column":4},"end":{"line":75,"column":28}},"30":{"start":{"line":76,"column":4},"end":{"line":76,"column":30}},"31":{"start":{"line":78,"column":4},"end":{"line":78,"column":21}},"32":{"start":{"line":93,"column":0},"end":{"line":106,"column":3}},"33":{"start":{"line":94,"column":2},"end":{"line":105,"column":3}},"34":{"start":{"line":95,"column":22},"end":{"line":95,"column":69}},"35":{"start":{"line":96,"column":4},"end":{"line":99,"column":5}},"36":{"start":{"line":97,"column":19},"end":{"line":97,"column":53}},"37":{"start":{"line":97,"column":45},"end":{"line":97,"column":52}},"38":{"start":{"line":98,"column":6},"end":{"line":98,"column":38}},"39":{"start":{"line":101,"column":17},"end":{"line":101,"column":65}},"40":{"start":{"line":102,"column":4},"end":{"line":102,"column":30}},"41":{"start":{"line":104,"column":4},"end":{"line":104,"column":21}},"42":{"start":{"line":114,"column":0},"end":{"line":121,"column":3}},"43":{"start":{"line":115,"column":2},"end":{"line":120,"column":3}},"44":{"start":{"line":116,"column":4},"end":{"line":116,"column":43}},"45":{"start":{"line":117,"column":4},"end":{"line":117,"column":54}},"46":{"start":{"line":119,"column":4},"end":{"line":119,"column":21}},"47":{"start":{"line":129,"column":0},"end":{"line":137,"column":3}},"48":{"start":{"line":130,"column":2},"end":{"line":136,"column":3}},"49":{"start":{"line":131,"column":29},"end":{"line":131,"column":39}},"50":{"start":{"line":132,"column":4},"end":{"line":132,"column":41}},"51":{"start":{"line":133,"column":4},"end":{"line":133,"column":50}},"52":{"start":{"line":135,"column":4},"end":{"line":135,"column":21}},"53":{"start":{"line":139,"column":0},"end":{"line":139,"column":24}}},"fnMap":{"0":{"name":"(anonymous_0)","decl":{"start":{"line":30,"column":30},"end":{"line":30,"column":31}},"loc":{"start":{"line":30,"column":62},"end":{"line":44,"column":1}},"line":30},"1":{"name":"(anonymous_1)","decl":{"start":{"line":34,"column":40},"end":{"line":34,"column":41}},"loc":{"start":{"line":34,"column":45},"end":{"line":34,"column":52}},"line":34},"2":{"name":"(anonymous_2)","decl":{"start":{"line":54,"column":29},"end":{"line":54,"column":30}},"loc":{"start":{"line":54,"column":61},"end":{"line":61,"column":1}},"line":54},"3":{"name":"(anonymous_3)","decl":{"start":{"line":71,"column":51},"end":{"line":71,"column":52}},"loc":{"start":{"line":71,"column":83},"end":{"line":80,"column":1}},"line":71},"4":{"name":"(anonymous_4)","decl":{"start":{"line":93,"column":53},"end":{"line":93,"column":54}},"loc":{"start":{"line":93,"column":85},"end":{"line":106,"column":1}},"line":93},"5":{"name":"(anonymous_5)","decl":{"start":{"line":97,"column":40},"end":{"line":97,"column":41}},"loc":{"start":{"line":97,"column":45},"end":{"line":97,"column":52}},"line":97},"6":{"name":"(anonymous_6)","decl":{"start":{"line":114,"column":54},"end":{"line":114,"column":55}},"loc":{"start":{"line":114,"column":86},"end":{"line":121,"column":1}},"line":114},"7":{"name":"(anonymous_7)","decl":{"start":{"line":129,"column":61},"end":{"line":129,"column":62}},"loc":{"start":{"line":129,"column":93},"end":{"line":137,"column":1}},"line":129}},"branchMap":{"0":{"loc":{"start":{"line":33,"column":4},"end":{"line":36,"column":5}},"type":"if","locations":[{"start":{"line":33,"column":4},"end":{"line":36,"column":5}},{"start":{},"end":{}}],"line":33},"1":{"loc":{"start":{"line":96,"column":4},"end":{"line":99,"column":5}},"type":"if","locations":[{"start":{"line":96,"column":4},"end":{"line":99,"column":5}},{"start":{},"end":{}}],"line":96}},"s":{"0":4,"1":4,"2":4,"3":4,"4":4,"5":4,"6":4,"7":4,"8":4,"9":4,"10":4,"11":4,"12":4,"13":2,"14":5,"15":2,"16":2,"17":2,"18":2,"19":2,"20":4,"21":2,"22":2,"23":1,"24":1,"25":4,"26":3,"27":3,"28":2,"29":2,"30":2,"31":1,"32":4,"33":5,"34":5,"35":5,"36":1,"37":1,"38":1,"39":4,"40":3,"41":2,"42":4,"43":3,"44":3,"45":2,"46":1,"47":4,"48":5,"49":5,"50":5,"51":2,"52":3,"53":4},"f":{"0":4,"1":5,"2":2,"3":3,"4":5,"5":1,"6":3,"7":5},"b":{"0":[2,2],"1":[1,4]},"_coverageSchema":"1a1c01bbd47fc00a2c39e90264f33305004495a9","hash":"150a80d0ab9f0d60126d3e27a2124c138687dbfa"}
}
