TN:
SF:app.js
FN:30,(anonymous_0)
FN:35,(anonymous_1)
FNF:2
FNH:2
FNDA:2,(anonymous_0)
FNDA:46,(anonymous_1)
DA:5,4
DA:6,4
DA:8,4
DA:10,4
DA:11,4
DA:12,4
DA:13,4
DA:15,4
DA:17,4
DA:19,4
DA:20,4
DA:21,4
DA:22,4
DA:24,4
DA:25,4
DA:26,4
DA:30,4
DA:31,2
DA:35,4
DA:36,46
DA:37,46
DA:38,46
DA:40,46
DA:45,4
LF:24
LH:24
BRDA:36,0,0,1
BRDA:36,0,1,45
BRDA:37,1,0,46
BRDA:37,1,1,2
BRF:4
BRH:4
end_of_record
TN:
SF:config.js
FN:13,getDatabaseUri
FNF:1
FNH:1
FNDA:20,getDatabaseUri
DA:5,10
DA:6,10
DA:8,10
DA:10,10
DA:14,20
DA:22,10
DA:24,10
DA:25,10
DA:26,10
DA:27,10
DA:28,10
DA:29,10
DA:31,10
LF:13
LH:13
BRDA:8,0,0,10
BRDA:8,0,1,9
BRDA:10,1,0,10
BRDA:10,1,1,9
BRDA:14,2,0,17
BRDA:14,2,1,3
BRDA:16,3,0,3
BRDA:16,3,1,1
BRDA:22,4,0,9
BRDA:22,4,1,1
BRF:10
BRH:10
end_of_record
TN:
SF:db.js
FNF:0
FNH:0
DA:3,7
DA:4,7
DA:8,7
DA:9,0
DA:16,7
DA:21,7
DA:23,7
LF:7
LH:6
BRDA:8,0,0,0
BRDA:8,0,1,7
BRF:2
BRH:1
end_of_record
TN:
SF:expressError.js
FN:8,(anonymous_0)
FN:18,(anonymous_1)
FN:26,(anonymous_2)
FN:34,(anonymous_3)
FN:42,(anonymous_4)
FNF:5
FNH:4
FNDA:67,(anonymous_0)
FNDA:23,(anonymous_1)
FNDA:23,(anonymous_2)
FNDA:21,(anonymous_3)
FNDA:0,(anonymous_4)
DA:9,67
DA:10,67
DA:11,67
DA:19,23
DA:27,23
DA:35,21
DA:43,0
DA:47,9
LF:8
LH:7
BRDA:18,0,0,2
BRDA:26,1,0,19
BRDA:34,2,0,0
BRDA:42,3,0,0
BRF:4
BRH:2
end_of_record
TN:
SF:helpers/sql.js
FN:12,sqlForPartialUpdate
FN:17,(anonymous_1)
FNF:2
FNH:2
FNDA:21,sqlForPartialUpdate
FNDA:34,(anonymous_1)
DA:1,8
DA:13,21
DA:14,21
DA:17,16
DA:18,34
DA:21,16
DA:27,8
LF:7
LH:7
BRDA:14,0,0,5
BRDA:14,0,1,16
BRDA:18,1,0,34
BRDA:18,1,1,13
BRF:4
BRH:4
end_of_record
TN:
SF:helpers/tokens.js
FN:6,createToken
FNF:1
FNH:1
FNDA:13,createToken
DA:1,5
DA:2,5
DA:7,13
DA:10,13
DA:15,13
DA:18,5
LF:6
LH:6
BRDA:12,0,0,13
BRDA:12,0,1,8
BRF:2
BRH:2
end_of_record
TN:
SF:middleware/auth.js
FN:18,authenticateJWT
FN:36,ensureLoggedIn
FN:51,ensureAdmin
FN:63,ensureCorrectUserOrAdmin
FNF:4
FNH:4
FNDA:71,authenticateJWT
FNDA:2,ensureLoggedIn
FNDA:25,ensureAdmin
FNDA:24,ensureCorrectUserOrAdmin
DA:5,5
DA:6,5
DA:7,5
DA:19,71
DA:20,71
DA:21,71
DA:22,43
DA:23,43
DA:25,70
DA:27,1
DA:37,2
DA:38,2
DA:39,1
DA:41,1
DA:52,25
DA:53,10
DA:55,15
DA:64,24
DA:65,24
DA:66,24
DA:67,8
DA:69,16
DA:71,8
DA:75,5
LF:24
LH:24
BRDA:20,0,0,71
BRDA:20,0,1,70
BRDA:21,1,0,43
BRDA:21,1,1,28
BRDA:38,2,0,1
BRDA:38,2,1,1
BRDA:52,3,0,10
BRDA:52,3,1,15
BRDA:52,4,0,25
BRDA:52,4,1,20
BRDA:66,5,0,8
BRDA:66,5,1,16
BRDA:66,6,0,24
BRDA:66,6,1,20
BRDA:66,6,2,9
BRF:15
BRH:15
end_of_record
TN:
SF:models/_testCommon.js
FN:8,commonBeforeAll
FN:42,(anonymous_1)
FN:45,commonBeforeEach
FN:49,commonAfterEach
FN:53,commonAfterAll
FNF:5
FNH:5
FNDA:3,commonBeforeAll
FNDA:9,(anonymous_1)
FNDA:51,commonBeforeEach
FNDA:51,commonAfterEach
FNDA:3,commonAfterAll
DA:1,3
DA:3,3
DA:4,3
DA:6,3
DA:10,3
DA:12,3
DA:14,3
DA:16,3
DA:22,3
DA:36,3
DA:42,9
DA:46,51
DA:50,51
DA:54,3
DA:58,3
LF:15
LH:15
BRF:0
BRH:0
end_of_record
TN:
SF:models/company.js
FN:19,(anonymous_0)
FN:48,(anonymous_1)
FN:100,(anonymous_2)
FN:140,(anonymous_3)
FN:170,(anonymous_4)
FNF:5
FNH:5
FNDA:13,(anonymous_0)
FNDA:10,(anonymous_1)
FNDA:5,(anonymous_2)
FNDA:6,(anonymous_3)
FNDA:4,(anonymous_4)
DA:3,5
DA:4,5
DA:5,5
DA:20,13
DA:26,13
DA:27,1
DA:29,12
DA:42,12
DA:43,12
DA:45,12
DA:49,10
DA:59,10
DA:60,10
DA:62,10
DA:64,10
DA:65,3
DA:66,3
DA:69,10
DA:70,5
DA:71,5
DA:74,10
DA:75,5
DA:76,5
DA:79,10
DA:80,7
DA:84,10
DA:88,10
DA:89,9
DA:101,5
DA:111,5
DA:113,5
DA:115,3
DA:123,3
DA:125,3
DA:141,6
DA:147,5
DA:149,5
DA:157,5
DA:158,5
DA:160,5
DA:162,3
DA:171,4
DA:177,4
DA:179,4
DA:183,5
LF:45
LH:45
BRDA:26,0,0,1
BRDA:26,0,1,12
BRDA:48,1,0,1
BRDA:64,2,0,3
BRDA:64,2,1,7
BRDA:69,3,0,5
BRDA:69,3,1,5
BRDA:74,4,0,5
BRDA:74,4,1,5
BRDA:79,5,0,7
BRDA:79,5,1,3
BRDA:113,6,0,2
BRDA:113,6,1,3
BRDA:160,7,0,2
BRDA:160,7,1,3
BRDA:179,8,0,2
BRDA:179,8,1,2
BRF:17
BRH:17
end_of_record
TN:
SF:models/jobs.js
FN:19,(anonymous_0)
FN:47,(anonymous_1)
FN:94,(anonymous_2)
FN:120,(anonymous_3)
FN:159,(anonymous_4)
FN:170,(anonymous_5)
FNF:6
FNH:6
FNDA:15,(anonymous_0)
FNDA:5,(anonymous_1)
FNDA:2,(anonymous_2)
FNDA:3,(anonymous_3)
FNDA:2,(anonymous_4)
FNDA:17,(anonymous_5)
DA:3,4
DA:4,4
DA:5,4
DA:20,15
DA:22,15
DA:28,15
DA:29,1
DA:32,14
DA:38,14
DA:39,14
DA:48,5
DA:55,5
DA:56,5
DA:58,5
DA:60,5
DA:61,2
DA:62,0
DA:64,2
DA:65,2
DA:68,5
DA:69,1
DA:70,1
DA:73,5
DA:74,2
DA:77,5
DA:78,4
DA:81,5
DA:83,5
DA:84,5
DA:95,2
DA:101,2
DA:103,2
DA:105,1
DA:121,3
DA:122,0
DA:125,3
DA:126,2
DA:129,3
DA:136,2
DA:138,2
DA:146,2
DA:147,2
DA:149,2
DA:151,1
DA:160,2
DA:165,2
DA:167,2
DA:171,17
DA:172,17
DA:173,17
DA:174,0
DA:180,4
LF:52
LH:49
BRDA:28,0,0,1
BRDA:28,0,1,14
BRDA:47,1,0,1
BRDA:60,2,0,2
BRDA:60,2,1,3
BRDA:61,3,0,0
BRDA:61,3,1,2
BRDA:68,4,0,1
BRDA:68,4,1,4
BRDA:73,5,0,2
BRDA:73,5,1,3
BRDA:77,6,0,4
BRDA:77,6,1,1
BRDA:103,7,0,1
BRDA:103,7,1,1
BRDA:121,8,0,0
BRDA:121,8,1,3
BRDA:125,9,0,2
BRDA:125,9,1,1
BRDA:149,10,0,1
BRDA:149,10,1,1
BRDA:167,11,0,1
BRDA:167,11,1,1
BRDA:171,12,0,17
BRDA:171,12,1,0
BRDA:173,13,0,0
BRDA:173,13,1,17
BRDA:173,14,0,17
BRDA:173,14,1,17
BRDA:173,14,2,17
BRF:30
BRH:26
end_of_record
TN:
SF:models/user.js
FN:24,(anonymous_0)
FN:60,(anonymous_1)
FN:106,(anonymous_2)
FN:132,(anonymous_3)
FN:170,(anonymous_4)
FN:204,(anonymous_5)
FN:224,(anonymous_6)
FN:260,(anonymous_7)
FN:274,(anonymous_8)
FN:277,(anonymous_9)
FN:291,(anonymous_10)
FNF:11
FNH:10
FNDA:7,(anonymous_0)
FNDA:16,(anonymous_1)
FNDA:3,(anonymous_2)
FNDA:5,(anonymous_3)
FNDA:8,(anonymous_4)
FNDA:5,(anonymous_5)
FNDA:10,(anonymous_6)
FNDA:18,(anonymous_7)
FNDA:0,(anonymous_8)
FNDA:3,(anonymous_9)
FNDA:2,(anonymous_10)
DA:3,5
DA:4,5
DA:5,5
DA:10,5
DA:12,5
DA:26,7
DA:38,7
DA:40,7
DA:42,4
DA:43,4
DA:44,3
DA:45,3
DA:46,3
DA:50,4
DA:62,16
DA:69,16
DA:70,1
DA:73,15
DA:75,15
DA:95,15
DA:96,15
DA:98,15
DA:107,3
DA:117,2
DA:118,5
DA:121,2
DA:133,5
DA:144,5
DA:146,5
DA:148,3
DA:150,3
DA:171,8
DA:172,2
DA:175,8
DA:182,7
DA:184,7
DA:192,7
DA:193,7
DA:195,7
DA:197,5
DA:198,5
DA:199,5
DA:205,5
DA:212,5
DA:214,5
DA:225,10
DA:227,10
DA:228,2
DA:231,8
DA:233,8
DA:234,3
DA:237,5
DA:242,5
DA:243,0
DA:246,5
DA:251,5
DA:261,18
DA:263,18
DA:264,0
DA:267,18
DA:274,18
DA:278,3
DA:280,3
DA:281,1
DA:284,2
DA:291,2
DA:296,5
LF:67
LH:65
BRDA:40,0,0,4
BRDA:40,0,1,3
BRDA:43,1,0,3
BRDA:43,1,1,1
BRDA:69,2,0,1
BRDA:69,2,1,15
BRDA:146,3,0,2
BRDA:146,3,1,3
BRDA:171,4,0,2
BRDA:171,4,1,6
BRDA:195,5,0,2
BRDA:195,5,1,5
BRDA:214,6,0,2
BRDA:214,6,1,3
BRDA:227,7,0,2
BRDA:227,7,1,8
BRDA:233,8,0,3
BRDA:233,8,1,5
BRDA:242,9,0,0
BRDA:242,9,1,5
BRDA:263,10,0,0
BRDA:263,10,1,18
BRDA:280,11,0,1
BRDA:280,11,1,2
BRF:24
BRH:22
end_of_record
TN:
SF:routes/_testCommon.js
FN:11,commonBeforeAll
FN:82,commonBeforeEach
FN:86,commonAfterEach
FN:90,commonAfterAll
FNF:4
FNH:4
FNDA:3,commonBeforeAll
FNDA:66,commonBeforeEach
FNDA:66,commonAfterEach
FNDA:3,commonAfterAll
DA:3,3
DA:4,3
DA:5,3
DA:6,3
DA:7,3
DA:9,3
DA:13,3
DA:15,3
DA:17,3
DA:19,3
DA:27,3
DA:35,3
DA:44,3
DA:52,3
DA:60,3
DA:69,3
DA:76,3
DA:77,12
DA:78,12
DA:83,66
DA:87,66
DA:91,3
DA:94,3
DA:95,3
DA:97,3
LF:25
LH:25
BRF:0
BRH:0
end_of_record
TN:
SF:routes/auth.js
FN:22,(anonymous_0)
FN:26,(anonymous_1)
FN:49,(anonymous_2)
FN:53,(anonymous_3)
FNF:4
FNH:4
FNDA:5,(anonymous_0)
FNDA:2,(anonymous_1)
FNDA:3,(anonymous_2)
FNDA:5,(anonymous_3)
DA:5,4
DA:7,4
DA:8,4
DA:9,4
DA:10,4
DA:11,4
DA:12,4
DA:13,4
DA:22,4
DA:23,5
DA:24,5
DA:25,5
DA:26,2
DA:27,2
DA:30,3
DA:31,3
DA:32,1
DA:33,1
DA:35,4
DA:49,4
DA:50,3
DA:51,3
DA:52,3
DA:53,5
DA:54,2
DA:57,1
DA:58,1
DA:59,1
DA:61,2
DA:66,4
LF:30
LH:30
BRDA:25,0,0,2
BRDA:25,0,1,3
BRDA:52,1,0,2
BRDA:52,1,1,1
BRF:4
BRH:4
end_of_record
TN:
SF:routes/companies.js
FN:27,(anonymous_0)
FN:31,(anonymous_1)
FN:53,(anonymous_2)
FN:68,(anonymous_3)
FN:88,(anonymous_4)
FN:108,(anonymous_5)
FN:112,(anonymous_6)
FN:128,(anonymous_7)
FNF:8
FNH:8
FNDA:3,(anonymous_0)
FNDA:3,(anonymous_1)
FNDA:6,(anonymous_2)
FNDA:7,(anonymous_3)
FNDA:3,(anonymous_4)
FNDA:4,(anonymous_5)
FNDA:2,(anonymous_6)
FNDA:2,(anonymous_7)
DA:5,4
DA:6,4
DA:8,4
DA:9,4
DA:10,4
DA:12,4
DA:13,4
DA:15,4
DA:27,4
DA:28,3
DA:29,3
DA:30,3
DA:31,3
DA:32,2
DA:35,1
DA:36,1
DA:38,2
DA:53,4
DA:54,6
DA:55,6
DA:58,6
DA:59,6
DA:62,6
DA:63,1
DA:67,5
DA:68,7
DA:69,5
DA:70,1
DA:73,4
DA:74,3
DA:76,3
DA:88,4
DA:89,3
DA:90,3
DA:91,2
DA:93,1
DA:108,4
DA:109,4
DA:110,4
DA:111,4
DA:112,2
DA:113,2
DA:116,2
DA:117,1
DA:119,3
DA:128,4
DA:129,2
DA:130,2
DA:131,1
DA:133,1
DA:138,4
LF:51
LH:51
BRDA:30,0,0,2
BRDA:30,0,1,1
BRDA:58,1,0,4
BRDA:58,1,1,2
BRDA:59,2,0,3
BRDA:59,2,1,3
BRDA:62,3,0,1
BRDA:62,3,1,5
BRDA:69,4,0,1
BRDA:69,4,1,4
BRDA:111,5,0,2
BRDA:111,5,1,2
BRF:12
BRH:12
end_of_record
TN:
SF:routes/users.js
FN:30,(anonymous_0)
FN:34,(anonymous_1)
FN:54,(anonymous_2)
FN:71,(anonymous_3)
FN:93,(anonymous_4)
FN:97,(anonymous_5)
FN:114,(anonymous_6)
FN:129,(anonymous_7)
FNF:8
FNH:8
FNDA:4,(anonymous_0)
FNDA:5,(anonymous_1)
FNDA:2,(anonymous_2)
FNDA:3,(anonymous_3)
FNDA:5,(anonymous_4)
FNDA:1,(anonymous_5)
FNDA:3,(anonymous_6)
FNDA:5,(anonymous_7)
DA:5,4
DA:7,4
DA:8,4
DA:9,4
DA:10,4
DA:11,4
DA:12,4
DA:13,4
DA:15,4
DA:30,4
DA:31,4
DA:32,4
DA:33,4
DA:34,5
DA:35,2
DA:38,2
DA:39,2
DA:40,2
DA:42,2
DA:54,4
DA:55,2
DA:56,2
DA:57,1
DA:59,1
DA:71,4
DA:72,3
DA:73,3
DA:74,2
DA:75,2
DA:76,2
DA:78,1
DA:93,4
DA:94,5
DA:95,5
DA:96,5
DA:97,1
DA:98,1
DA:101,4
DA:102,3
DA:104,2
DA:114,4
DA:115,3
DA:116,3
DA:117,2
DA:119,1
DA:129,4
DA:130,5
DA:131,5
DA:132,5
DA:133,2
DA:135,3
DA:139,4
LF:52
LH:52
BRDA:33,0,0,2
BRDA:33,0,1,2
BRDA:96,1,0,1
BRDA:96,1,1,4
BRF:4
BRH:4
end_of_record
